# JRE version: Java(TM) SE Runtime Environment (8.0_101-b13) (build 1.8.0_101-b13)
# Java VM: Java HotSpot(TM) 64-Bit Server VM (25.101-b13 mixed mode windows-amd64 compressed oops)
Heap:
 PSYoungGen      total 122368K, used 70766K [0x00000000d6200000, 0x00000000df200000, 0x0000000100000000)
  eden space 113152K, 62% used [0x00000000d6200000,0x00000000da71b990,0x00000000dd080000)
  from space 9216K, 0% used [0x00000000de000000,0x00000000de000000,0x00000000de900000)
  to   space 7680K, 0% used [0x00000000dea80000,0x00000000dea80000,0x00000000df200000)
 ParOldGen       total 81408K, used 16619K [0x0000000082600000, 0x0000000087580000, 0x00000000d6200000)
  object space 81408K, 20% used [0x0000000082600000,0x000000008363ac70,0x0000000087580000)
 Metaspace       used 34979K, capacity 37754K, committed 38016K, reserved 1081344K
  class space    used 4664K, capacity 5123K, committed 5248K, reserved 1048576K
GC Heap History (10 events):
Event: 2.503 GC heap before
{Heap before GC invocations=7 (full 1):
 PSYoungGen      total 70656K, used 65536K [0x00000000d6200000, 0x00000000df300000, 0x0000000100000000)
  eden space 65536K, 100% used [0x00000000d6200000,0x00000000da200000,0x00000000da200000)
  from space 5120K, 0% used [0x00000000da200000,0x00000000da200000,0x00000000da700000)
  to   space 8704K, 0% used [0x00000000dea80000,0x00000000dea80000,0x00000000df300000)
 ParOldGen       total 50176K, used 6341K [0x0000000082600000, 0x0000000085700000, 0x00000000d6200000)
  object space 50176K, 12% used [0x0000000082600000,0x0000000082c315d8,0x0000000085700000)
 Metaspace       used 23081K, capacity 24732K, committed 24960K, reserved 1071104K
  class space    used 3001K, capacity 3334K, committed 3456K, reserved 1048576K
Event: 2.509 GC heap after
Heap after GC invocations=7 (full 1):
 PSYoungGen      total 120832K, used 7610K [0x00000000d6200000, 0x00000000df200000, 0x0000000100000000)
  eden space 113152K, 0% used [0x00000000d6200000,0x00000000d6200000,0x00000000dd080000)
  from space 7680K, 99% used [0x00000000dea80000,0x00000000df1eeb00,0x00000000df200000)
  to   space 9216K, 0% used [0x00000000de000000,0x00000000de000000,0x00000000de900000)
 ParOldGen       total 50176K, used 6349K [0x0000000082600000, 0x0000000085700000, 0x00000000d6200000)
  object space 50176K, 12% used [0x0000000082600000,0x0000000082c335d8,0x0000000085700000)
 Metaspace       used 23081K, capacity 24732K, committed 24960K, reserved 1071104K
  class space    used 3001K, capacity 3334K, committed 3456K, reserved 1048576K
}
Event: 3.458 GC heap before
{Heap before GC invocations=8 (full 1):
 PSYoungGen      total 120832K, used 120762K [0x00000000d6200000, 0x00000000df200000, 0x0000000100000000)
  eden space 113152K, 100% used [0x00000000d6200000,0x00000000dd080000,0x00000000dd080000)
  from space 7680K, 99% used [0x00000000dea80000,0x00000000df1eeb00,0x00000000df200000)
  to   space 9216K, 0% used [0x00000000de000000,0x00000000de000000,0x00000000de900000)
 ParOldGen       total 50176K, used 6349K [0x0000000082600000, 0x0000000085700000, 0x00000000d6200000)
  object space 50176K, 12% used [0x0000000082600000,0x0000000082c335d8,0x0000000085700000)
 Metaspace       used 28752K, capacity 30862K, committed 31104K, reserved 1077248K
  class space    used 3763K, capacity 4131K, committed 4224K, reserved 1048576K
Event: 3.466 GC heap after
Heap after GC invocations=8 (full 1):
 PSYoungGen      total 122368K, used 9185K [0x00000000d6200000, 0x00000000df200000, 0x0000000100000000)
  eden space 113152K, 0% used [0x00000000d6200000,0x00000000d6200000,0x00000000dd080000)
  from space 9216K, 99% used [0x00000000de000000,0x00000000de8f87a8,0x00000000de900000)
  to   space 7680K, 0% used [0x00000000dea80000,0x00000000dea80000,0x00000000df200000)
 ParOldGen       total 50176K, used 8329K [0x0000000082600000, 0x0000000085700000, 0x00000000d6200000)
  object space 50176K, 16% used [0x0000000082600000,0x0000000082e22648,0x0000000085700000)
 Metaspace       used 28752K, capacity 30862K, committed 31104K, reserved 1077248K
  class space    used 3763K, capacity 4131K, committed 4224K, reserved 1048576K
}
Event: 4.051 GC heap before
{Heap before GC invocations=9 (full 1):
 PSYoungGen      total 122368K, used 122337K [0x00000000d6200000, 0x00000000df200000, 0x0000000100000000)
  eden space 113152K, 100% used [0x00000000d6200000,0x00000000dd080000,0x00000000dd080000)
  from space 9216K, 99% used [0x00000000de000000,0x00000000de8f87a8,0x00000000de900000)
  to   space 7680K, 0% used [0x00000000dea80000,0x00000000dea80000,0x00000000df200000)
 ParOldGen       total 50176K, used 8329K [0x0000000082600000, 0x0000000085700000, 0x00000000d6200000)
  object space 50176K, 16% used [0x0000000082600000,0x0000000082e22648,0x0000000085700000)
 Metaspace       used 31610K, capacity 33904K, committed 34048K, reserved 1079296K
  class space    used 4159K, capacity 4596K, committed 4608K, reserved 1048576K
Event: 4.060 GC heap after
Heap after GC invocations=9 (full 1):
 PSYoungGen      total 120832K, used 7648K [0x00000000d6200000, 0x00000000df200000, 0x0000000100000000)
  eden space 113152K, 0% used [0x00000000d6200000,0x00000000d6200000,0x00000000dd080000)
  from space 7680K, 99% used [0x00000000dea80000,0x00000000df1f8020,0x00000000df200000)
  to   space 9216K, 0% used [0x00000000de000000,0x00000000de000000,0x00000000de900000)
 ParOldGen       total 50176K, used 11587K [0x0000000082600000, 0x0000000085700000, 0x00000000d6200000)
  object space 50176K, 23% used [0x0000000082600000,0x0000000083150d20,0x0000000085700000)
 Metaspace       used 31610K, capacity 33904K, committed 34048K, reserved 1079296K
  class space    used 4159K, capacity 4596K, committed 4608K, reserved 1048576K
}
Event: 4.376 GC heap before
{Heap before GC invocations=10 (full 1):
 PSYoungGen      total 120832K, used 70584K [0x00000000d6200000, 0x00000000df200000, 0x0000000100000000)
  eden space 113152K, 55% used [0x00000000d6200000,0x00000000d9f76008,0x00000000dd080000)
  from space 7680K, 99% used [0x00000000dea80000,0x00000000df1f8020,0x00000000df200000)
  to   space 9216K, 0% used [0x00000000de000000,0x00000000de000000,0x00000000de900000)
 ParOldGen       total 50176K, used 11587K [0x0000000082600000, 0x0000000085700000, 0x00000000d6200000)
  object space 50176K, 23% used [0x0000000082600000,0x0000000083150d20,0x0000000085700000)
 Metaspace       used 33021K, capacity 35378K, committed 35496K, reserved 1079296K
  class space    used 4342K, capacity 4769K, committed 4864K, reserved 1048576K
Event: 4.384 GC heap after
Heap after GC invocations=10 (full 1):
 PSYoungGen      total 122368K, used 9214K [0x00000000d6200000, 0x00000000df200000, 0x0000000100000000)
  eden space 113152K, 0% used [0x00000000d6200000,0x00000000d6200000,0x00000000dd080000)
  from space 9216K, 99% used [0x00000000de000000,0x00000000de8ffa30,0x00000000de900000)
  to   space 7680K, 0% used [0x00000000dea80000,0x00000000dea80000,0x00000000df200000)
 ParOldGen       total 50176K, used 13092K [0x0000000082600000, 0x0000000085700000, 0x00000000d6200000)
  object space 50176K, 26% used [0x0000000082600000,0x00000000832c93c0,0x0000000085700000)
 Metaspace       used 33021K, capacity 35378K, committed 35496K, reserved 1079296K
  class space    used 4342K, capacity 4769K, committed 4864K, reserved 1048576K
}
Event: 4.384 GC heap before
{Heap before GC invocations=11 (full 2):
 PSYoungGen      total 122368K, used 9214K [0x00000000d6200000, 0x00000000df200000, 0x0000000100000000)
  eden space 113152K, 0% used [0x00000000d6200000,0x00000000d6200000,0x00000000dd080000)
  from space 9216K, 99% used [0x00000000de000000,0x00000000de8ffa30,0x00000000de900000)
  to   space 7680K, 0% used [0x00000000dea80000,0x00000000dea80000,0x00000000df200000)
 ParOldGen       total 50176K, used 13092K [0x0000000082600000, 0x0000000085700000, 0x00000000d6200000)
  object space 50176K, 26% used [0x0000000082600000,0x00000000832c93c0,0x0000000085700000)
 Metaspace       used 33021K, capacity 35378K, committed 35496K, reserved 1079296K
  class space    used 4342K, capacity 4769K, committed 4864K, reserved 1048576K
Event: 4.453 GC heap after
Heap after GC invocations=11 (full 2):
 PSYoungGen      total 122368K, used 0K [0x00000000d6200000, 0x00000000df200000, 0x0000000100000000)
  eden space 113152K, 0% used [0x00000000d6200000,0x00000000d6200000,0x00000000dd080000)
  from space 9216K, 0% used [0x00000000de000000,0x00000000de000000,0x00000000de900000)
  to   space 7680K, 0% used [0x00000000dea80000,0x00000000dea80000,0x00000000df200000)
 ParOldGen       total 81408K, used 16619K [0x0000000082600000, 0x0000000087580000, 0x00000000d6200000)
  object space 81408K, 20% used [0x0000000082600000,0x000000008363ac70,0x0000000087580000)
 Metaspace       used 33021K, capacity 35378K, committed 35496K, reserved 1079296K
  class space    used 4342K, capacity 4769K, committed 4864K, reserved 1048576K
}

