# JRE version: Java(TM) SE Runtime Environment (8.0_101-b13) (build 1.8.0_101-b13)
# Java VM: Java HotSpot(TM) 64-Bit Server VM (25.101-b13 mixed mode windows-amd64 compressed oops)
Heap:
 PSYoungGen      total 120832K, used 40213K [0x00000000d6200000, 0x00000000df280000, 0x0000000100000000)
  eden space 112640K, 30% used [0x00000000d6200000,0x00000000d8359858,0x00000000dd000000)
  from space 8192K, 74% used [0x00000000dea80000,0x00000000df06bf60,0x00000000df280000)
  to   space 9216K, 0% used [0x00000000de080000,0x00000000de080000,0x00000000de980000)
 ParOldGen       total 50176K, used 16708K [0x0000000082600000, 0x0000000085700000, 0x00000000d6200000)
  object space 50176K, 33% used [0x0000000082600000,0x0000000083651210,0x0000000085700000)
 Metaspace       used 37781K, capacity 40800K, committed 40960K, reserved 1085440K
  class space    used 5027K, capacity 5566K, committed 5632K, reserved 1048576K
GC Heap History (10 events):
Event: 2.947 GC heap before
{Heap before GC invocations=8 (full 1):
 PSYoungGen      total 120832K, used 120378K [0x00000000d6200000, 0x00000000df280000, 0x0000000100000000)
  eden space 112640K, 100% used [0x00000000d6200000,0x00000000dd000000,0x00000000dd000000)
  from space 8192K, 94% used [0x00000000dea80000,0x00000000df20ebc8,0x00000000df280000)
  to   space 9216K, 0% used [0x00000000de080000,0x00000000de080000,0x00000000de980000)
 ParOldGen       total 50176K, used 6265K [0x0000000082600000, 0x0000000085700000, 0x00000000d6200000)
  object space 50176K, 12% used [0x0000000082600000,0x0000000082c1e4d8,0x0000000085700000)
 Metaspace       used 28753K, capacity 30890K, committed 31104K, reserved 1077248K
  class space    used 3764K, capacity 4161K, committed 4224K, reserved 1048576K
Event: 2.955 GC heap after
Heap after GC invocations=8 (full 1):
 PSYoungGen      total 121856K, used 9190K [0x00000000d6200000, 0x00000000df280000, 0x0000000100000000)
  eden space 112640K, 0% used [0x00000000d6200000,0x00000000d6200000,0x00000000dd000000)
  from space 9216K, 99% used [0x00000000de080000,0x00000000de979ae0,0x00000000de980000)
  to   space 8192K, 0% used [0x00000000dea80000,0x00000000dea80000,0x00000000df280000)
 ParOldGen       total 50176K, used 8202K [0x0000000082600000, 0x0000000085700000, 0x00000000d6200000)
  object space 50176K, 16% used [0x0000000082600000,0x0000000082e02ae0,0x0000000085700000)
 Metaspace       used 28753K, capacity 30890K, committed 31104K, reserved 1077248K
  class space    used 3764K, capacity 4161K, committed 4224K, reserved 1048576K
}
Event: 3.548 GC heap before
{Heap before GC invocations=9 (full 1):
 PSYoungGen      total 121856K, used 121830K [0x00000000d6200000, 0x00000000df280000, 0x0000000100000000)
  eden space 112640K, 100% used [0x00000000d6200000,0x00000000dd000000,0x00000000dd000000)
  from space 9216K, 99% used [0x00000000de080000,0x00000000de979ae0,0x00000000de980000)
  to   space 8192K, 0% used [0x00000000dea80000,0x00000000dea80000,0x00000000df280000)
 ParOldGen       total 50176K, used 8202K [0x0000000082600000, 0x0000000085700000, 0x00000000d6200000)
  object space 50176K, 16% used [0x0000000082600000,0x0000000082e02ae0,0x0000000085700000)
 Metaspace       used 31638K, capacity 33908K, committed 34048K, reserved 1079296K
  class space    used 4160K, capacity 4596K, committed 4608K, reserved 1048576K
Event: 3.554 GC heap after
Heap after GC invocations=9 (full 1):
 PSYoungGen      total 120832K, used 8180K [0x00000000d6200000, 0x00000000df280000, 0x0000000100000000)
  eden space 112640K, 0% used [0x00000000d6200000,0x00000000d6200000,0x00000000dd000000)
  from space 8192K, 99% used [0x00000000dea80000,0x00000000df27d030,0x00000000df280000)
  to   space 9216K, 0% used [0x00000000de080000,0x00000000de080000,0x00000000de980000)
 ParOldGen       total 50176K, used 10901K [0x0000000082600000, 0x0000000085700000, 0x00000000d6200000)
  object space 50176K, 21% used [0x0000000082600000,0x00000000830a56d8,0x0000000085700000)
 Metaspace       used 31638K, capacity 33908K, committed 34048K, reserved 1079296K
  class space    used 4160K, capacity 4596K, committed 4608K, reserved 1048576K
}
Event: 3.851 GC heap before
{Heap before GC invocations=10 (full 1):
 PSYoungGen      total 120832K, used 74423K [0x00000000d6200000, 0x00000000df280000, 0x0000000100000000)
  eden space 112640K, 58% used [0x00000000d6200000,0x00000000da2b0e30,0x00000000dd000000)
  from space 8192K, 99% used [0x00000000dea80000,0x00000000df27d030,0x00000000df280000)
  to   space 9216K, 0% used [0x00000000de080000,0x00000000de080000,0x00000000de980000)
 ParOldGen       total 50176K, used 10901K [0x0000000082600000, 0x0000000085700000, 0x00000000d6200000)
  object space 50176K, 21% used [0x0000000082600000,0x00000000830a56d8,0x0000000085700000)
 Metaspace       used 33044K, capacity 35382K, committed 35496K, reserved 1079296K
  class space    used 4349K, capacity 4769K, committed 4864K, reserved 1048576K
Event: 3.858 GC heap after
Heap after GC invocations=10 (full 1):
 PSYoungGen      total 121856K, used 9187K [0x00000000d6200000, 0x00000000df280000, 0x0000000100000000)
  eden space 112640K, 0% used [0x00000000d6200000,0x00000000d6200000,0x00000000dd000000)
  from space 9216K, 99% used [0x00000000de080000,0x00000000de978fa0,0x00000000de980000)
  to   space 8192K, 0% used [0x00000000dea80000,0x00000000dea80000,0x00000000df280000)
 ParOldGen       total 50176K, used 13108K [0x0000000082600000, 0x0000000085700000, 0x00000000d6200000)
  object space 50176K, 26% used [0x0000000082600000,0x00000000832cd378,0x0000000085700000)
 Metaspace       used 33044K, capacity 35382K, committed 35496K, reserved 1079296K
  class space    used 4349K, capacity 4769K, committed 4864K, reserved 1048576K
}
Event: 3.858 GC heap before
{Heap before GC invocations=11 (full 2):
 PSYoungGen      total 121856K, used 9187K [0x00000000d6200000, 0x00000000df280000, 0x0000000100000000)
  eden space 112640K, 0% used [0x00000000d6200000,0x00000000d6200000,0x00000000dd000000)
  from space 9216K, 99% used [0x00000000de080000,0x00000000de978fa0,0x00000000de980000)
  to   space 8192K, 0% used [0x00000000dea80000,0x00000000dea80000,0x00000000df280000)
 ParOldGen       total 50176K, used 13108K [0x0000000082600000, 0x0000000085700000, 0x00000000d6200000)
  object space 50176K, 26% used [0x0000000082600000,0x00000000832cd378,0x0000000085700000)
 Metaspace       used 33044K, capacity 35382K, committed 35496K, reserved 1079296K
  class space    used 4349K, capacity 4769K, committed 4864K, reserved 1048576K
Event: 3.920 GC heap after
Heap after GC invocations=11 (full 2):
 PSYoungGen      total 121856K, used 0K [0x00000000d6200000, 0x00000000df280000, 0x0000000100000000)
  eden space 112640K, 0% used [0x00000000d6200000,0x00000000d6200000,0x00000000dd000000)
  from space 9216K, 0% used [0x00000000de080000,0x00000000de080000,0x00000000de980000)
  to   space 8192K, 0% used [0x00000000dea80000,0x00000000dea80000,0x00000000df280000)
 ParOldGen       total 50176K, used 16700K [0x0000000082600000, 0x0000000085700000, 0x00000000d6200000)
  object space 50176K, 33% used [0x0000000082600000,0x000000008364f210,0x0000000085700000)
 Metaspace       used 33044K, capacity 35382K, committed 35496K, reserved 1079296K
  class space    used 4349K, capacity 4769K, committed 4864K, reserved 1048576K
}
Event: 4.450 GC heap before
{Heap before GC invocations=12 (full 2):
 PSYoungGen      total 121856K, used 112640K [0x00000000d6200000, 0x00000000df280000, 0x0000000100000000)
  eden space 112640K, 100% used [0x00000000d6200000,0x00000000dd000000,0x00000000dd000000)
  from space 9216K, 0% used [0x00000000de080000,0x00000000de080000,0x00000000de980000)
  to   space 8192K, 0% used [0x00000000dea80000,0x00000000dea80000,0x00000000df280000)
 ParOldGen       total 50176K, used 16700K [0x0000000082600000, 0x0000000085700000, 0x00000000d6200000)
  object space 50176K, 33% used [0x0000000082600000,0x000000008364f210,0x0000000085700000)
 Metaspace       used 35508K, capacity 38408K, committed 38656K, reserved 1083392K
  class space    used 4743K, capacity 5250K, committed 5376K, reserved 1048576K
Event: 4.454 GC heap after
Heap after GC invocations=12 (full 2):
 PSYoungGen      total 120832K, used 6063K [0x00000000d6200000, 0x00000000df280000, 0x0000000100000000)
  eden space 112640K, 0% used [0x00000000d6200000,0x00000000d6200000,0x00000000dd000000)
  from space 8192K, 74% used [0x00000000dea80000,0x00000000df06bf60,0x00000000df280000)
  to   space 9216K, 0% used [0x00000000de080000,0x00000000de080000,0x00000000de980000)
 ParOldGen       total 50176K, used 16708K [0x0000000082600000, 0x0000000085700000, 0x00000000d6200000)
  object space 50176K, 33% used [0x0000000082600000,0x0000000083651210,0x0000000085700000)
 Metaspace       used 35508K, capacity 38408K, committed 38656K, reserved 1083392K
  class space    used 4743K, capacity 5250K, committed 5376K, reserved 1048576K
}

