# JRE version: Java(TM) SE Runtime Environment (8.0_101-b13) (build 1.8.0_101-b13)
# Java VM: Java HotSpot(TM) 64-Bit Server VM (25.101-b13 mixed mode windows-amd64 compressed oops)
Heap:
 PSYoungGen      total 131584K, used 15293K [0x00000000d6200000, 0x00000000df000000, 0x0000000100000000)
  eden space 120832K, 3% used [0x00000000d6200000,0x00000000d6672b48,0x00000000dd800000)
  from space 10752K, 99% used [0x00000000de280000,0x00000000decfc948,0x00000000ded00000)
  to   space 10752K, 0% used [0x00000000dd800000,0x00000000dd800000,0x00000000de280000)
 ParOldGen       total 81920K, used 23067K [0x0000000082600000, 0x0000000087600000, 0x00000000d6200000)
  object space 81920K, 28% used [0x0000000082600000,0x0000000083c86c80,0x0000000087600000)
 Metaspace       used 50589K, capacity 54068K, committed 54400K, reserved 1095680K
  class space    used 6824K, capacity 7504K, committed 7552K, reserved 1048576K
GC Heap History (10 events):
Event: 5.382 GC heap before
{Heap before GC invocations=12 (full 1):
 PSYoungGen      total 131584K, used 34289K [0x00000000d6200000, 0x00000000df000000, 0x0000000100000000)
  eden space 120832K, 22% used [0x00000000d6200000,0x00000000d7c3dae0,0x00000000dd800000)
  from space 10752K, 68% used [0x00000000de280000,0x00000000de9be9c8,0x00000000ded00000)
  to   space 10752K, 0% used [0x00000000dd800000,0x00000000dd800000,0x00000000de280000)
 ParOldGen       total 51712K, used 10302K [0x0000000082600000, 0x0000000085880000, 0x00000000d6200000)
  object space 51712K, 19% used [0x0000000082600000,0x000000008300f9f0,0x0000000085880000)
 Metaspace       used 33031K, capacity 35382K, committed 35496K, reserved 1079296K
  class space    used 4349K, capacity 4769K, committed 4864K, reserved 1048576K
Event: 5.400 GC heap after
Heap after GC invocations=12 (full 1):
 PSYoungGen      total 131584K, used 1405K [0x00000000d6200000, 0x00000000df000000, 0x0000000100000000)
  eden space 120832K, 0% used [0x00000000d6200000,0x00000000d6200000,0x00000000dd800000)
  from space 10752K, 13% used [0x00000000dd800000,0x00000000dd95f708,0x00000000de280000)
  to   space 10752K, 0% used [0x00000000de280000,0x00000000de280000,0x00000000ded00000)
 ParOldGen       total 51712K, used 16262K [0x0000000082600000, 0x0000000085880000, 0x00000000d6200000)
  object space 51712K, 31% used [0x0000000082600000,0x00000000835e1a00,0x0000000085880000)
 Metaspace       used 33031K, capacity 35382K, committed 35496K, reserved 1079296K
  class space    used 4349K, capacity 4769K, committed 4864K, reserved 1048576K
}
Event: 5.400 GC heap before
{Heap before GC invocations=13 (full 2):
 PSYoungGen      total 131584K, used 1405K [0x00000000d6200000, 0x00000000df000000, 0x0000000100000000)
  eden space 120832K, 0% used [0x00000000d6200000,0x00000000d6200000,0x00000000dd800000)
  from space 10752K, 13% used [0x00000000dd800000,0x00000000dd95f708,0x00000000de280000)
  to   space 10752K, 0% used [0x00000000de280000,0x00000000de280000,0x00000000ded00000)
 ParOldGen       total 51712K, used 16262K [0x0000000082600000, 0x0000000085880000, 0x00000000d6200000)
  object space 51712K, 31% used [0x0000000082600000,0x00000000835e1a00,0x0000000085880000)
 Metaspace       used 33031K, capacity 35382K, committed 35496K, reserved 1079296K
  class space    used 4349K, capacity 4769K, committed 4864K, reserved 1048576K
Event: 5.515 GC heap after
Heap after GC invocations=13 (full 2):
 PSYoungGen      total 131584K, used 0K [0x00000000d6200000, 0x00000000df000000, 0x0000000100000000)
  eden space 120832K, 0% used [0x00000000d6200000,0x00000000d6200000,0x00000000dd800000)
  from space 10752K, 0% used [0x00000000dd800000,0x00000000dd800000,0x00000000de280000)
  to   space 10752K, 0% used [0x00000000de280000,0x00000000de280000,0x00000000ded00000)
 ParOldGen       total 81920K, used 15967K [0x0000000082600000, 0x0000000087600000, 0x00000000d6200000)
  object space 81920K, 19% used [0x0000000082600000,0x0000000083597e58,0x0000000087600000)
 Metaspace       used 33031K, capacity 35382K, committed 35496K, reserved 1079296K
  class space    used 4349K, capacity 4769K, committed 4864K, reserved 1048576K
}
Event: 6.121 GC heap before
{Heap before GC invocations=14 (full 2):
 PSYoungGen      total 131584K, used 120832K [0x00000000d6200000, 0x00000000df000000, 0x0000000100000000)
  eden space 120832K, 100% used [0x00000000d6200000,0x00000000dd800000,0x00000000dd800000)
  from space 10752K, 0% used [0x00000000dd800000,0x00000000dd800000,0x00000000de280000)
  to   space 10752K, 0% used [0x00000000de280000,0x00000000de280000,0x00000000ded00000)
 ParOldGen       total 81920K, used 15967K [0x0000000082600000, 0x0000000087600000, 0x00000000d6200000)
  object space 81920K, 19% used [0x0000000082600000,0x0000000083597e58,0x0000000087600000)
 Metaspace       used 35521K, capacity 38472K, committed 38656K, reserved 1083392K
  class space    used 4747K, capacity 5250K, committed 5376K, reserved 1048576K
Event: 6.125 GC heap after
Heap after GC invocations=14 (full 2):
 PSYoungGen      total 131584K, used 6225K [0x00000000d6200000, 0x00000000df000000, 0x0000000100000000)
  eden space 120832K, 0% used [0x00000000d6200000,0x00000000d6200000,0x00000000dd800000)
  from space 10752K, 57% used [0x00000000de280000,0x00000000de894548,0x00000000ded00000)
  to   space 10752K, 0% used [0x00000000dd800000,0x00000000dd800000,0x00000000de280000)
 ParOldGen       total 81920K, used 15975K [0x0000000082600000, 0x0000000087600000, 0x00000000d6200000)
  object space 81920K, 19% used [0x0000000082600000,0x0000000083599e58,0x0000000087600000)
 Metaspace       used 35521K, capacity 38472K, committed 38656K, reserved 1083392K
  class space    used 4747K, capacity 5250K, committed 5376K, reserved 1048576K
}
Event: 7.228 GC heap before
{Heap before GC invocations=15 (full 2):
 PSYoungGen      total 131584K, used 127057K [0x00000000d6200000, 0x00000000df000000, 0x0000000100000000)
  eden space 120832K, 100% used [0x00000000d6200000,0x00000000dd800000,0x00000000dd800000)
  from space 10752K, 57% used [0x00000000de280000,0x00000000de894548,0x00000000ded00000)
  to   space 10752K, 0% used [0x00000000dd800000,0x00000000dd800000,0x00000000de280000)
 ParOldGen       total 81920K, used 15975K [0x0000000082600000, 0x0000000087600000, 0x00000000d6200000)
  object space 81920K, 19% used [0x0000000082600000,0x0000000083599e58,0x0000000087600000)
 Metaspace       used 43488K, capacity 46808K, committed 46976K, reserved 1089536K
  class space    used 5832K, capacity 6478K, committed 6528K, reserved 1048576K
Event: 7.237 GC heap after
Heap after GC invocations=15 (full 2):
 PSYoungGen      total 131584K, used 10176K [0x00000000d6200000, 0x00000000df000000, 0x0000000100000000)
  eden space 120832K, 0% used [0x00000000d6200000,0x00000000d6200000,0x00000000dd800000)
  from space 10752K, 94% used [0x00000000dd800000,0x00000000de1f01c8,0x00000000de280000)
  to   space 10752K, 0% used [0x00000000de280000,0x00000000de280000,0x00000000ded00000)
 ParOldGen       total 81920K, used 20267K [0x0000000082600000, 0x0000000087600000, 0x00000000d6200000)
  object space 81920K, 24% used [0x0000000082600000,0x00000000839cae98,0x0000000087600000)
 Metaspace       used 43488K, capacity 46808K, committed 46976K, reserved 1089536K
  class space    used 5832K, capacity 6478K, committed 6528K, reserved 1048576K
}
Event: 8.496 GC heap before
{Heap before GC invocations=16 (full 2):
 PSYoungGen      total 131584K, used 131008K [0x00000000d6200000, 0x00000000df000000, 0x0000000100000000)
  eden space 120832K, 100% used [0x00000000d6200000,0x00000000dd800000,0x00000000dd800000)
  from space 10752K, 94% used [0x00000000dd800000,0x00000000de1f01c8,0x00000000de280000)
  to   space 10752K, 0% used [0x00000000de280000,0x00000000de280000,0x00000000ded00000)
 ParOldGen       total 81920K, used 20267K [0x0000000082600000, 0x0000000087600000, 0x00000000d6200000)
  object space 81920K, 24% used [0x0000000082600000,0x00000000839cae98,0x0000000087600000)
 Metaspace       used 50448K, capacity 53908K, committed 54144K, reserved 1095680K
  class space    used 6797K, capacity 7472K, committed 7552K, reserved 1048576K
Event: 8.521 GC heap after
Heap after GC invocations=16 (full 2):
 PSYoungGen      total 131584K, used 10738K [0x00000000d6200000, 0x00000000df000000, 0x0000000100000000)
  eden space 120832K, 0% used [0x00000000d6200000,0x00000000d6200000,0x00000000dd800000)
  from space 10752K, 99% used [0x00000000de280000,0x00000000decfc948,0x00000000ded00000)
  to   space 10752K, 0% used [0x00000000dd800000,0x00000000dd800000,0x00000000de280000)
 ParOldGen       total 81920K, used 23067K [0x0000000082600000, 0x0000000087600000, 0x00000000d6200000)
  object space 81920K, 28% used [0x0000000082600000,0x0000000083c86c80,0x0000000087600000)
 Metaspace       used 50448K, capacity 53908K, committed 54144K, reserved 1095680K
  class space    used 6797K, capacity 7472K, committed 7552K, reserved 1048576K
}

